This is pdfTeXk, Version 3.141592-1.40.3 (Web2C 7.5.6) (format=pdflatex 2015.10.19)  10 NOV 2015 15:14
entering extended mode
 %&-line parsing enabled.
**calibreport.tex
(./calibreport.tex
LaTeX2e <2005/12/01>
Babel <v3.8h> and hyphenation patterns for english, usenglishmax, dumylang, noh
yphenation, arabic, basque, bulgarian, coptic, welsh, czech, slovak, german, ng
erman, danish, esperanto, spanish, catalan, galician, estonian, farsi, finnish,
 french, greek, monogreek, ancientgreek, croatian, hungarian, interlingua, ibyc
us, indonesian, icelandic, italian, latin, mongolian, dutch, norsk, polish, por
tuguese, pinyin, romanian, russian, slovenian, uppersorbian, serbian, swedish, 
turkish, ukenglish, ukrainian, loaded.
(/usr/share/texmf/tex/latex/base/report.cls
Document Class: report 2005/09/16 v1.4f Standard LaTeX document class
(/usr/share/texmf/tex/latex/base/size12.clo
File: size12.clo 2005/09/16 v1.4f Standard LaTeX file (size option)
)
\c@part=\count79
\c@chapter=\count80
\c@section=\count81
\c@subsection=\count82
\c@subsubsection=\count83
\c@paragraph=\count84
\c@subparagraph=\count85
\c@figure=\count86
\c@table=\count87
\abovecaptionskip=\skip41
\belowcaptionskip=\skip42
\bibindent=\dimen102
)
(/usr/share/texmf/tex/latex/tools/verbatim.sty
Package: verbatim 2003/08/22 v1.5q LaTeX2e package for verbatim enhancements
\every@verbatim=\toks14
\verbatim@line=\toks15
\verbatim@in@stream=\read1
)
(/usr/share/texmf/tex/latex/fancyhdr/fancyhdr.sty
\fancy@headwidth=\skip43
\f@ncyO@elh=\skip44
\f@ncyO@erh=\skip45
\f@ncyO@olh=\skip46
\f@ncyO@orh=\skip47
\f@ncyO@elf=\skip48
\f@ncyO@erf=\skip49
\f@ncyO@olf=\skip50
\f@ncyO@orf=\skip51
)
(/usr/share/texmf/tex/latex/tools/theorem.sty
Package: theorem 1995/11/23 v2.2c Theorem extension package (FMi)
\theorem@style=\toks16
\theorem@bodyfont=\toks17
\theorempreskipamount=\skip52
\theorempostskipamount=\skip53

(/usr/share/texmf/tex/latex/tools/thp.sty
File: thp.sty 1995/11/23 v2.2c Theorem extension package (FMi)
))
(/usr/share/texmf/tex/latex/doublestroke/dsfont.sty
Package: dsfont 1995/08/01 v0.1 Double stroke roman fonts
)
(/usr/share/texmf/tex/latex/graphics/color.sty
Package: color 2005/11/14 v1.0j Standard LaTeX Color (DPC)

(/usr/share/texmf/tex/latex/config/color.cfg
File: color.cfg 2007/01/18 v1.5 color configuration of teTeX/TeXLive
)
Package color Info: Driver file: pdftex.def on input line 130.

(/usr/share/texmf/tex/latex/pdftex-def/pdftex.def
File: pdftex.def 2007/01/08 v0.04d Graphics/color for pdfTeX
\Gread@gobject=\count88
))
(/usr/share/texmf/tex/latex/amsmath/amsmath.sty
Package: amsmath 2000/07/18 v2.13 AMS math features
\@mathmargin=\skip54

For additional information on amsmath, use the `?' option.
(/usr/share/texmf/tex/latex/amsmath/amstext.sty
Package: amstext 2000/06/29 v2.01

(/usr/share/texmf/tex/latex/amsmath/amsgen.sty
File: amsgen.sty 1999/11/30 v2.0
\@emptytoks=\toks18
\ex@=\dimen103
))
(/usr/share/texmf/tex/latex/amsmath/amsbsy.sty
Package: amsbsy 1999/11/29 v1.2d
\pmbraise@=\dimen104
)
(/usr/share/texmf/tex/latex/amsmath/amsopn.sty
Package: amsopn 1999/12/14 v2.01 operator names
)
\inf@bad=\count89
LaTeX Info: Redefining \frac on input line 211.
\uproot@=\count90
\leftroot@=\count91
LaTeX Info: Redefining \overline on input line 307.
\classnum@=\count92
\DOTSCASE@=\count93
LaTeX Info: Redefining \ldots on input line 379.
LaTeX Info: Redefining \dots on input line 382.
LaTeX Info: Redefining \cdots on input line 467.
\Mathstrutbox@=\box26
\strutbox@=\box27
\big@size=\dimen105
LaTeX Font Info:    Redeclaring font encoding OML on input line 567.
LaTeX Font Info:    Redeclaring font encoding OMS on input line 568.
\macc@depth=\count94
\c@MaxMatrixCols=\count95
\dotsspace@=\muskip10
\c@parentequation=\count96
\dspbrk@lvl=\count97
\tag@help=\toks19
\row@=\count98
\column@=\count99
\maxfields@=\count100
\andhelp@=\toks20
\eqnshift@=\dimen106
\alignsep@=\dimen107
\tagshift@=\dimen108
\tagwidth@=\dimen109
\totwidth@=\dimen110
\lineht@=\dimen111
\@envbody=\toks21
\multlinegap=\skip55
\multlinetaggap=\skip56
\mathdisplay@stack=\toks22
LaTeX Info: Redefining \[ on input line 2666.
LaTeX Info: Redefining \] on input line 2667.
)
(/usr/share/texmf/tex/latex/amsfonts/amsfonts.sty
Package: amsfonts 2001/10/25 v2.2f
\symAMSa=\mathgroup4
\symAMSb=\mathgroup5
LaTeX Font Info:    Overwriting math alphabet `\mathfrak' in version `bold'
(Font)                  U/euf/m/n --> U/euf/b/n on input line 132.
)
(/usr/share/texmf/tex/latex/amsfonts/amssymb.sty
Package: amssymb 2002/01/22 v2.2d
)
(/usr/share/texmf/tex/latex/hyperref/hyperref.sty
Package: hyperref 2007/02/07 v6.75r Hypertext links for LaTeX

(/usr/share/texmf/tex/latex/graphics/keyval.sty
Package: keyval 1999/03/16 v1.13 key=value parser (DPC)
\KV@toks@=\toks23
)
\@linkdim=\dimen112
\Hy@linkcounter=\count101
\Hy@pagecounter=\count102

(/usr/share/texmf/tex/latex/hyperref/pd1enc.def
File: pd1enc.def 2007/02/07 v6.75r Hyperref: PDFDocEncoding definition (HO)
)
(/usr/share/texmf/tex/latex/config/hyperref.cfg
File: hyperref.cfg 2002/06/06 v1.2 hyperref configuration of TeXLive
)
(/usr/share/texmf/tex/latex/oberdiek/kvoptions.sty
Package: kvoptions 2006/08/22 v2.4 Connects package keyval with LaTeX options (
HO)
)
Package hyperref Info: Hyper figures OFF on input line 2288.
Package hyperref Info: Link nesting OFF on input line 2293.
Package hyperref Info: Hyper index ON on input line 2296.
Package hyperref Info: Plain pages OFF on input line 2303.
Package hyperref Info: Backreferencing OFF on input line 2308.

Implicit mode ON; LaTeX internals redefined
Package hyperref Info: Bookmarks ON on input line 2444.
(/usr/share/texmf/tex/latex/ltxmisc/url.sty
\Urlmuskip=\muskip11
Package: url 2005/06/27  ver 3.2  Verb mode for urls, etc.
)
LaTeX Info: Redefining \url on input line 2599.
\Fld@menulength=\count103
\Field@Width=\dimen113
\Fld@charsize=\dimen114
\Choice@toks=\toks24
\Field@toks=\toks25
Package hyperref Info: Hyper figures OFF on input line 3102.
Package hyperref Info: Link nesting OFF on input line 3107.
Package hyperref Info: Hyper index ON on input line 3110.
Package hyperref Info: backreferencing OFF on input line 3117.
Package hyperref Info: Link coloring OFF on input line 3122.
\Hy@abspage=\count104
\c@Item=\count105
\c@Hfootnote=\count106
)
*hyperref using default driver hpdftex*
(/usr/share/texmf/tex/latex/hyperref/hpdftex.def
File: hpdftex.def 2007/02/07 v6.75r Hyperref driver for pdfTeX
\Fld@listcount=\count107
)
(/usr/share/texmf/tex/latex/graphics/epsfig.sty
Package: epsfig 1999/02/16 v1.7a (e)psfig emulation (SPQR)

(/usr/share/texmf/tex/latex/graphics/graphicx.sty
Package: graphicx 1999/02/16 v1.0f Enhanced LaTeX Graphics (DPC,SPQR)

(/usr/share/texmf/tex/latex/graphics/graphics.sty
Package: graphics 2006/02/20 v1.0o Standard LaTeX Graphics (DPC,SPQR)

(/usr/share/texmf/tex/latex/graphics/trig.sty
Package: trig 1999/03/16 v1.09 sin cos tan (DPC)
)
(/usr/share/texmf/tex/latex/config/graphics.cfg
File: graphics.cfg 2007/01/18 v1.5 graphics configuration of teTeX/TeXLive
)
Package graphics Info: Driver file: pdftex.def on input line 90.
)
\Gin@req@height=\dimen115
\Gin@req@width=\dimen116
)
\epsfxsize=\dimen117
\epsfysize=\dimen118
)
(/usr/share/texmf/tex/latex/setspace/setspace.sty
Package: setspace 2000/12/01 6.7 Contributed and Supported LaTeX2e package

Package: `setspace' 6.7 <2000/12/01>
) (./trackchanges.sty
Package: trackchanges 2009/04/22 v0.7.0 TrackChanges file 
 (/usr/share/texmf/tex/latex/base/ifthen.sty
Package: ifthen 2001/05/26 v1.1c Standard LaTeX ifthen package (DPC)
)
(/usr/share/texmf/tex/latex/tools/calc.sty
Package: calc 2005/08/06 v4.2 Infix arithmetic (KKT,FJ)
\calc@Acount=\count108
\calc@Bcount=\count109
\calc@Adimen=\dimen119
\calc@Bdimen=\dimen120
\calc@Askip=\skip57
\calc@Bskip=\skip58
LaTeX Info: Redefining \setlength on input line 75.
LaTeX Info: Redefining \addtolength on input line 76.
\calc@Ccount=\count110
\calc@Cskip=\skip59
)
(/usr/share/texmf/tex/latex/soul/soul.sty
Package: soul 2003/11/17 v2.4 letterspacing/underlining (mf)
\SOUL@word=\toks26
\SOUL@lasttoken=\toks27
\SOUL@cmds=\toks28
\SOUL@buffer=\toks29
\SOUL@token=\toks30
\SOUL@spaceskip=\skip60
\SOUL@ttwidth=\dimen121
\SOUL@uldp=\dimen122
\SOUL@ulht=\dimen123
)
(/usr/share/texmf/tex/latex/ltxmisc/morefloats.sty
\bx@S=\insert233
\bx@T=\insert232
\bx@U=\insert231
\bx@V=\insert230
\bx@W=\insert229
\bx@X=\insert228
\bx@Y=\insert227
\bx@Z=\insert226
\bx@AA=\insert225
\bx@BB=\insert224
\bx@CC=\insert223
\bx@DD=\insert222
\bx@EE=\insert221
\bx@FF=\insert220
\bx@GG=\insert219
\bx@HH=\insert218
\bx@II=\insert217
\bx@JJ=\insert216
)
\c@userid=\count111
\c@changenumber=\count112
\c@storefootnote=\count113
\c@numeditors=\count114
\c@maxeditors=\count115
)
\c@property=\count116
\c@remark=\count117
\c@theorem=\count118
\c@definition=\count119
\c@example=\count120
\c@lemme=\count121
\c@proof=\count122
Package color Info: Redefining color enstrouge on input line 141.
Package color Info: Redefining color blue on input line 143.
Package color Info: Redefining color cyan on input line 146.
Package color Info: Redefining color magenta on input line 147.
 (./calibreport.aux

LaTeX Warning: Label `' multiply defined.


LaTeX Warning: Label `eq:model-of-obervation' multiply defined.


LaTeX Warning: Label `eq:spectral-content' multiply defined.


LaTeX Warning: Label `eq:Syentries' multiply defined.


LaTeX Warning: Label `eq:wiskart' multiply defined.


LaTeX Warning: Label `eq:randomnesswn' multiply defined.


LaTeX Warning: Label `eq:Cfr1r2Gaussian' multiply defined.


LaTeX Warning: Label `eq:MSCwind' multiply defined.

)
\openout1 = `calibreport.aux'.

LaTeX Font Info:    Checking defaults for OML/cmm/m/it on input line 156.
LaTeX Font Info:    ... okay on input line 156.
LaTeX Font Info:    Checking defaults for T1/cmr/m/n on input line 156.
LaTeX Font Info:    ... okay on input line 156.
LaTeX Font Info:    Checking defaults for OT1/cmr/m/n on input line 156.
LaTeX Font Info:    ... okay on input line 156.
LaTeX Font Info:    Checking defaults for OMS/cmsy/m/n on input line 156.
LaTeX Font Info:    ... okay on input line 156.
LaTeX Font Info:    Checking defaults for OMX/cmex/m/n on input line 156.
LaTeX Font Info:    ... okay on input line 156.
LaTeX Font Info:    Checking defaults for U/cmr/m/n on input line 156.
LaTeX Font Info:    ... okay on input line 156.
LaTeX Font Info:    Checking defaults for PD1/pdf/m/n on input line 156.
LaTeX Font Info:    ... okay on input line 156.
Package hyperref Info: Link coloring OFF on input line 156.
 (/usr/share/texmf/tex/latex/hyperref/nameref.sty
Package: nameref 2006/12/27 v2.28 Cross-referencing by name of section

(/usr/share/texmf/tex/latex/oberdiek/refcount.sty
Package: refcount 2006/02/20 v3.0 Data extraction from references (HO)
)
\c@section@level=\count123
)
LaTeX Info: Redefining \ref on input line 156.
LaTeX Info: Redefining \pageref on input line 156.
 (./calibreport.out)
(./calibreport.out)
\@outlinefile=\write3
\openout3 = `calibreport.out'.

 (./calibreport.toc
LaTeX Font Info:    Try loading font information for U+msa on input line 3.

(/usr/share/texmf/tex/latex/amsfonts/umsa.fd
File: umsa.fd 2002/01/19 v2.2g AMS font definitions
)
LaTeX Font Info:    Try loading font information for U+msb on input line 3.

(/usr/share/texmf/tex/latex/amsfonts/umsb.fd
File: umsb.fd 2002/01/19 v2.2g AMS font definitions
) [1


{/usr/share/texmf/fonts/map/pdftex/updmap/pdftex.map}] [2])
\tf@toc=\write4
\openout4 = `calibreport.toc'.

 [3] [4

]
Chapter 1.
(./textes/introduction.tex
Underfull \hbox (badness 10000) in paragraph at lines 8--9

 []


Underfull \hbox (badness 1515) in paragraph at lines 10--12
\OT1/cmr/m/n/12 for in-fra-sound sta-tions do not cur-rently in-clude phase mea
-sure-ment;
 []


Underfull \hbox (badness 10000) in paragraph at lines 10--12

 []

<figures/schema-of-observation-simple.pdf, id=386, 201.67746pt x 107.66322pt>
File: figures/schema-of-observation-simple.pdf Graphic file (type pdf)

<use figures/schema-of-observation-simple.pdf>

LaTeX Warning: Citation `?' on page 5 undefined on input line 18.


LaTeX Warning: Citation `?' on page 5 undefined on input line 18.


Underfull \hbox (badness 10000) in paragraph at lines 18--19

 []

[5

]

Package trackchanges Warning: Editor 'momo' unknown.
(trackchanges)                 on input line 23.

Package color Info: Redefining color UserColor on input line 25.

Package trackchanges Warning: Editor 'momo' unknown.
(trackchanges)                 on input line 25.


Underfull \hbox (badness 10000) in paragraph at lines 36--38

 []

[6 <./figures/schema-of-observation-simple.pdf>] [7]
LaTeX Font Info:    Try loading font information for OMS+cmr on input line 56.

(/usr/share/texmf/tex/latex/base/omscmr.fd
File: omscmr.fd 1999/05/25 v2.5h Standard LaTeX font definitions
)
LaTeX Font Info:    Font shape `OMS/cmr/m/n' in size <12> not available
(Font)              Font shape `OMS/cmsy/m/n' tried instead on input line 56.
 [8

]

LaTeX Warning: Citation `frazier:2013' on page 9 undefined on input line 124.

Package color Info: Redefining color UserColor on input line 129.

Package trackchanges Warning: Editor 'Benoit' unknown.
(trackchanges)                 on input line 129.

[9]

LaTeX Warning: Reference `eq:ratio-sup' on page 10 undefined on input line 137.



LaTeX Warning: Reference `eq:ratio-sup' on page 10 undefined on input line 140.



LaTeX Warning: Reference `eq:ratio-inf' on page 10 undefined on input line 140.


) [10]
Chapter 2.
(./textes/spectralanalysis.tex [11

]
Underfull \hbox (badness 10000) in paragraph at lines 48--49

 []

[12] <figures/schema-of-observation.pdf, id=488, 420.9865pt x 195.396pt>
File: figures/schema-of-observation.pdf Graphic file (type pdf)

<use figures/schema-of-observation.pdf>
LaTeX Font Info:    Try loading font information for U+dsrom on input line 72.

(/usr/share/texmf/tex/latex/doublestroke/Udsrom.fd
File: Udsrom.fd 1995/08/01 v0.1 Double stroke roman font definitions
) [13 <./figures/schema-of-observation.pdf>]
Underfull \hbox (badness 10000) in paragraph at lines 116--117

 []

[14]

Package hyperref Warning: Token not allowed in a PDFDocEncoded string,
(hyperref)                removing `\hbox' on input line 149.


Package hyperref Warning: Token not allowed in a PDFDocEncoded string,
(hyperref)                removing `\mathsurround' on input line 149.


Package hyperref Warning: Token not allowed in a PDFDocEncoded string,
(hyperref)                removing `\z@' on input line 149.


Package hyperref Warning: Token not allowed in a PDFDocEncoded string,
(hyperref)                removing `\<def>-command' on input line 149.


Package hyperref Warning: Token not allowed in a PDFDocEncoded string,
(hyperref)                removing `\f@encoding' on input line 149.


Package hyperref Warning: Token not allowed in a PDFDocEncoded string,
(hyperref)                removing `\<let>-command' on input line 149.


Package hyperref Warning: Token not allowed in a PDFDocEncoded string,
(hyperref)                removing `\<def>-command' on input line 149.


Package hyperref Warning: Token not allowed in a PDFDocEncoded string,
(hyperref)                removing `\f@family' on input line 149.


Package hyperref Warning: Token not allowed in a PDFDocEncoded string,
(hyperref)                removing `\<def>-command' on input line 149.


Package hyperref Warning: Token not allowed in a PDFDocEncoded string,
(hyperref)                removing `\f@series' on input line 149.


Package hyperref Warning: Token not allowed in a PDFDocEncoded string,
(hyperref)                removing `\<def>-command' on input line 149.


Package hyperref Warning: Token not allowed in a PDFDocEncoded string,
(hyperref)                removing `\f@shape' on input line 149.


Package hyperref Warning: Token not allowed in a PDFDocEncoded string,
(hyperref)                removing `\afterassignment' on input line 149.


Package hyperref Warning: Token not allowed in a PDFDocEncoded string,
(hyperref)                removing `\<def>-command' on input line 149.


Package hyperref Warning: Token not allowed in a PDFDocEncoded string,
(hyperref)                removing `\f@size' on input line 149.


Package hyperref Warning: Token not allowed in a PDFDocEncoded string,
(hyperref)                removing `\afterassignment' on input line 149.


Package hyperref Warning: Token not allowed in a PDFDocEncoded string,
(hyperref)                removing `\<def>-command' on input line 149.


Package hyperref Warning: Token not allowed in a PDFDocEncoded string,
(hyperref)                removing `\f@baselineskip' on input line 149.


Package hyperref Warning: Token not allowed in a PDFDocEncoded string,
(hyperref)                removing `\<def>-command' on input line 149.


Package hyperref Warning: Token not allowed in a PDFDocEncoded string,
(hyperref)                removing `\f@linespread' on input line 149.


Package hyperref Warning: Token not allowed in a PDFDocEncoded string,
(hyperref)                removing `\<let>-command' on input line 149.


Package hyperref Warning: Token not allowed in a PDFDocEncoded string,
(hyperref)                removing `\baselinestretch' on input line 149.


Package hyperref Warning: Token not allowed in a PDFDocEncoded string,
(hyperref)                removing `\<def>-command' on input line 149.


Package hyperref Warning: Token not allowed in a PDFDocEncoded string,
(hyperref)                removing `\<def>-command' on input line 149.


Package hyperref Warning: Token not allowed in a PDFDocEncoded string,
(hyperref)                removing `\font@name' on input line 149.


Package hyperref Warning: Token not allowed in a PDFDocEncoded string,
(hyperref)                removing `\U/msb/m/n/7' on input line 149.


Package hyperref Warning: Token not allowed in a PDFDocEncoded string,
(hyperref)                removing `\ignorespaces' on input line 149.


Package hyperref Warning: Token not allowed in a PDFDocEncoded string,
(hyperref)                removing `\ignorespaces' on input line 149.


Package hyperref Warning: Token not allowed in a PDFDocEncoded string,
(hyperref)                removing `\unskip' on input line 149.


Package hyperref Warning: Token not allowed in a PDFDocEncoded string,
(hyperref)                removing `\@@italiccorr' on input line 149.


Package hyperref Warning: Token not allowed in a PDFDocEncoded string,
(hyperref)                removing `math shift' on input line 149.


Package hyperref Warning: Token not allowed in a PDFDocEncoded string,
(hyperref)                removing `subscript' on input line 149.


Package hyperref Warning: Token not allowed in a PDFDocEncoded string,
(hyperref)                removing `math shift' on input line 149.

[15]
Underfull \hbox (badness 10000) in paragraph at lines 202--204

 []

[16] <figures/allHest.pdf, id=656, 341.275pt x 227.85126pt>
File: figures/allHest.pdf Graphic file (type pdf)

<use figures/allHest.pdf> [17]
<figures/MSCtestthreshold.pdf, id=664, 341.275pt x 227.85126pt>
File: figures/MSCtestthreshold.pdf Graphic file (type pdf)

<use figures/MSCtestthreshold.pdf> [18 <./figures/allHest.pdf>]
<figures/theoreticaldistribratios.pdf, id=675, 341.275pt x 227.85126pt>
File: figures/theoreticaldistribratios.pdf Graphic file (type pdf)

<use figures/theoreticaldistribratios.pdf>

LaTeX Warning: Reference `eq:ratio-sup' on page 19 undefined on input line 275.



LaTeX Warning: Reference `eq:ratio-inf' on page 19 undefined on input line 275.



LaTeX Warning: Reference `eq:ratio-sup' on page 19 undefined on input line 275.



LaTeX Warning: Reference `eq:ratio-inf' on page 19 undefined on input line 275.


[19 <./figures/MSCtestthreshold.pdf>] [20 <./figures/theoreticaldistribratios.p
df>]

pdfTeX warning: pdflatex (file ./figures/practicalratiodistribution6.pdf): PDF 
inclusion: found PDF version <1.5>, but at most version <1.4> allowed
<figures/practicalratiodistribution6.pdf, id=721, 682.55pt x 284.06125pt>
File: figures/practicalratiodistribution6.pdf Graphic file (type pdf)

<use figures/practicalratiodistribution6.pdf> [21 <./figures/practicalratiodist
ribution6.pdf>] [22] [23]
<figures/overlapFFTs.pdf, id=748, 490.17357pt x 190.63039pt>
File: figures/overlapFFTs.pdf Graphic file (type pdf)

<use figures/overlapFFTs.pdf>
<figures/filterbank.pdf, id=751, 341.275pt x 398.48875pt>
File: figures/filterbank.pdf Graphic file (type pdf)

<use figures/filterbank.pdf> [24 <./figures/overlapFFTs.pdf>] [25 <./figures/fi
lterbank.pdf>]) [26]
Chapter 3.
(./textes/IS26results.tex [27

]
<slidesITW2015/3monthsonIS26SUTboxplot1.pdf, id=822, 455.7025pt x 284.06125pt>
File: slidesITW2015/3monthsonIS26SUTboxplot1.pdf Graphic file (type pdf)

<use slidesITW2015/3monthsonIS26SUTboxplot1.pdf>

Package hyperref Warning: Token not allowed in a PDFDocEncoded string,
(hyperref)                removing `math shift' on input line 30.


Package hyperref Warning: Token not allowed in a PDFDocEncoded string,
(hyperref)                removing `math shift' on input line 30.

<slidesITW2015/averagedon20days1.pdf, id=823, 455.7025pt x 341.275pt>
File: slidesITW2015/averagedon20days1.pdf Graphic file (type pdf)

<use slidesITW2015/averagedon20days1.pdf>

Package hyperref Warning: Token not allowed in a PDFDocEncoded string,
(hyperref)                removing `math shift' on input line 36.


Package hyperref Warning: Token not allowed in a PDFDocEncoded string,
(hyperref)                removing `math shift' on input line 36.

[28 <./slidesITW2015/3monthsonIS26SUTboxplot1.pdf>] [29 <./slidesITW2015/averag
edon20days1.pdf>]

pdfTeX warning: pdflatex (file ./figures/afewdaysonI26C6H6twoMSC.pdf): PDF incl
usion: found PDF version <1.5>, but at most version <1.4> allowed
<figures/afewdaysonI26C6H6twoMSC.pdf, id=848, 682.55pt x 284.06125pt>
File: figures/afewdaysonI26C6H6twoMSC.pdf Graphic file (type pdf)

<use figures/afewdaysonI26C6H6twoMSC.pdf>

pdfTeX warning: pdflatex (file ./figures/afewdaysonI26C4H4knownnoiseratio.pdf):
 PDF inclusion: found PDF version <1.5>, but at most version <1.4> allowed

<figures/afewdaysonI26C4H4knownnoiseratio.pdf, id=852, 682.55pt x 284.06125pt>
File: figures/afewdaysonI26C4H4knownnoiseratio.pdf Graphic file (type pdf)

<use figures/afewdaysonI26C4H4knownnoiseratio.pdf> [30

 <./figures/afewdaysonI26C6H6twoMSC.pdf>] [31 <./figures/afewdaysonI26C4H4known
noiseratio.pdf>]

LaTeX Warning: Reference `fig:C2' on page 32 undefined on input line 61.


LaTeX Warning: Reference `fig:C5' on page 32 undefined on input line 61.


Underfull \hbox (badness 10000) in paragraph at lines 63--64

 []

<figures/afewdays1colocation.pdf, id=884, 569.12625pt x 398.48875pt>
File: figures/afewdays1colocation.pdf Graphic file (type pdf)

<use figures/afewdays1colocation.pdf>
<figures/signalsanomaly.pdf, id=886, 569.12625pt x 455.7025pt>
File: figures/signalsanomaly.pdf Graphic file (type pdf)

<use figures/signalsanomaly.pdf>
<figures/filteranomaly.pdf, id=887, 284.06125pt x 227.85126pt>
File: figures/filteranomaly.pdf Graphic file (type pdf)

<use figures/filteranomaly.pdf> [32

 <./figures/afewdays1colocation.pdf>])
[33 <./figures/signalsanomaly.pdf> <./figures/filteranomaly.pdf>]
Chapter 4.
(./textes/windonNRS.tex

LaTeX Warning: Citation `alcoverro:2005' on page 34 undefined on input line 7.


LaTeX Warning: Citation `alcoverro:2005' on page 34 undefined on input line 12.



LaTeX Warning: Citation `nouvellet_itwb:2013' on page 34 undefined on input lin
e 12.


LaTeX Warning: Citation `mack_flinn:1971' on page 34 undefined on input line 12
.

[34

]

Package hyperref Warning: Token not allowed in a PDFDocEncoded string,
(hyperref)                removing `math shift' on input line 20.


Package hyperref Warning: Token not allowed in a PDFDocEncoded string,
(hyperref)                removing `math shift' on input line 20.

[35] [36]

LaTeX Warning: Citation `nouvellet_itwb:2013' on page 37 undefined on input lin
e 110.


LaTeX Warning: Citation `mack_flinn:1971' on page 37 undefined on input line 13
0.

[37]

LaTeX Warning: Citation `alcoverro:2005' on page 38 undefined on input line 151
.


Package hyperref Warning: Token not allowed in a PDFDocEncoded string,
(hyperref)                removing `math shift' on input line 159.


Package hyperref Warning: Token not allowed in a PDFDocEncoded string,
(hyperref)                removing `math shift' on input line 159.


LaTeX Warning: Citation `alcoverro:2005' on page 38 undefined on input line 161
.


LaTeX Warning: Citation `alcoverro:2005' on page 38 undefined on input line 161
.


LaTeX Warning: Citation `alcoverro:2005' on page 38 undefined on input line 162
.

<figures/f05asvond.pdf, id=955, 398.48875pt x 284.06125pt>
File: figures/f05asvond.pdf Graphic file (type pdf)

<use figures/f05asvond.pdf> [38]
Underfull \hbox (badness 5161) in paragraph at lines 169--169
[]\OT1/cmr/bx/n/17.28 Application to the \OT1/cmr/m/it/17.28 in-situ \OT1/cmr/b
x/n/17.28 cal-i-bra-tion
 []


Package hyperref Warning: Token not allowed in a PDFDocEncoded string,
(hyperref)                removing `\<def>-command' on input line 169.


Package hyperref Warning: Token not allowed in a PDFDocEncoded string,
(hyperref)                removing `\f@encoding' on input line 169.


Package hyperref Warning: Token not allowed in a PDFDocEncoded string,
(hyperref)                removing `\<let>-command' on input line 169.


Package hyperref Warning: Token not allowed in a PDFDocEncoded string,
(hyperref)                removing `\<def>-command' on input line 169.


Package hyperref Warning: Token not allowed in a PDFDocEncoded string,
(hyperref)                removing `\f@family' on input line 169.


Package hyperref Warning: Token not allowed in a PDFDocEncoded string,
(hyperref)                removing `\<def>-command' on input line 169.


Package hyperref Warning: Token not allowed in a PDFDocEncoded string,
(hyperref)                removing `\f@series' on input line 169.


Package hyperref Warning: Token not allowed in a PDFDocEncoded string,
(hyperref)                removing `\<def>-command' on input line 169.


Package hyperref Warning: Token not allowed in a PDFDocEncoded string,
(hyperref)                removing `\f@shape' on input line 169.


Package hyperref Warning: Token not allowed in a PDFDocEncoded string,
(hyperref)                removing `\afterassignment' on input line 169.


Package hyperref Warning: Token not allowed in a PDFDocEncoded string,
(hyperref)                removing `\<def>-command' on input line 169.


Package hyperref Warning: Token not allowed in a PDFDocEncoded string,
(hyperref)                removing `\f@size' on input line 169.


Package hyperref Warning: Token not allowed in a PDFDocEncoded string,
(hyperref)                removing `\afterassignment' on input line 169.


Package hyperref Warning: Token not allowed in a PDFDocEncoded string,
(hyperref)                removing `\<def>-command' on input line 169.


Package hyperref Warning: Token not allowed in a PDFDocEncoded string,
(hyperref)                removing `\f@baselineskip' on input line 169.


Package hyperref Warning: Token not allowed in a PDFDocEncoded string,
(hyperref)                removing `\<def>-command' on input line 169.


Package hyperref Warning: Token not allowed in a PDFDocEncoded string,
(hyperref)                removing `\f@linespread' on input line 169.


Package hyperref Warning: Token not allowed in a PDFDocEncoded string,
(hyperref)                removing `\<let>-command' on input line 169.


Package hyperref Warning: Token not allowed in a PDFDocEncoded string,
(hyperref)                removing `\baselinestretch' on input line 169.


Package hyperref Warning: Token not allowed in a PDFDocEncoded string,
(hyperref)                removing `\<def>-command' on input line 169.


Package hyperref Warning: Token not allowed in a PDFDocEncoded string,
(hyperref)                removing `\<def>-command' on input line 169.


Package hyperref Warning: Token not allowed in a PDFDocEncoded string,
(hyperref)                removing `\font@name' on input line 169.


Package hyperref Warning: Token not allowed in a PDFDocEncoded string,
(hyperref)                removing `\OT1/cmr/m/it/17.28' on input line 169.


Package hyperref Warning: Token not allowed in a PDFDocEncoded string,
(hyperref)                removing `\ignorespaces' on input line 169.


LaTeX Warning: Citation `gabrielson:2011' on page 39 undefined on input line 17
7.

<figures/bigschema.pdf, id=967, 514.89pt x 212.33388pt>
File: figures/bigschema.pdf Graphic file (type pdf)

<use figures/bigschema.pdf> [39 <./figures/f05asvond.pdf>] [40 <./figures/bigsc
hema.pdf>] [41] [42] [43]
<figures/GonH.pdf, id=1072, 569.12625pt x 511.9125pt>
File: figures/GonH.pdf Graphic file (type pdf)
 <use figures/GonH.pdf>
[44

] [45 <./figures/GonH.pdf>]
<figures/twospeeds.pdf, id=1088, 398.48875pt x 341.275pt>
File: figures/twospeeds.pdf Graphic file (type pdf)

<use figures/twospeeds.pdf>
<figures/twospeedsbis.pdf, id=1089, 398.48875pt x 341.275pt>
File: figures/twospeedsbis.pdf Graphic file (type pdf)

<use figures/twospeedsbis.pdf>
<figures/twospeedster.pdf, id=1091, 398.48875pt x 341.275pt>
File: figures/twospeedster.pdf Graphic file (type pdf)

<use figures/twospeedster.pdf>) [46

 <./figures/twospeeds.pdf>] [47 <./figures/twospeedsbis.pdf> <./figures/twospee
dster.pdf>]
Chapter 5.
(./textes/fullprocess.tex) [48

] [49

]
Chapter 6.
(./textes/wss.tex [50

] [51]) [52]
Chapter 7.
(./textes/spectralestimationDistribution.tex [53

] [54]
Overfull \hbox (18.22597pt too wide) in alignment at lines 72--82
 [][][] []
 []


Overfull \hbox (18.35542pt too wide) detected at line 122
\U/dsrom/m/n/12 E [] \OT1/cmr/m/n/12 = \U/dsrom/m/n/12 E [] \OT1/cmr/m/n/12 = 2
\U/dsrom/m/n/12 E [] E [] \OT1/cmr/m/n/12 + 0 = 2^^@[]
 []

[55]
Overfull \hbox (5.07771pt too wide) in alignment at lines 137--146
 [][][] []
 []

[56] [57] [58] [59]
Overfull \hbox (62.75174pt too wide) detected at line 412
[] [] \OT1/cmr/m/n/12 = [] []
 []

[60]

LaTeX Warning: Reference `eq:rectangularsmooth' on page 61 undefined on input l
ine 436.


LaTeX Warning: Reference `fig:statsRatiosH2Mp131' on page 61 undefined on input
 line 442.

[61] [62]
Underfull \hbox (badness 10000) in paragraph at lines 605--605
[]\OT1/cmr/bx/n/17.28 Some dis-tri-bu-tions re-lated to the
 []


Overfull \hbox (42.94633pt too wide) in alignment at lines 640--661
 [][][] []
 []

[63]

LaTeX Warning: Reference `eq:directestimateHu1' on page 64 undefined on input l
ine 669.

[64]
Overfull \hbox (29.09225pt too wide) in alignment at lines 752--767
 [][][] []
 []


Overfull \hbox (16.12128pt too wide) in alignment at lines 782--791
 [][][] []
 []

[65]

LaTeX Warning: Reference `eq:directestimateHu2' on page 66 undefined on input l
ine 837.


Overfull \hbox (42.94633pt too wide) in alignment at lines 890--910
 [][][] []
 []

[66] [67]

LaTeX Warning: Citation `carter:1973' on page 68 undefined on input line 969.

[68] <figures/cumulF-MSC.pdf, id=1258, 341.275pt x 341.275pt>
File: figures/cumulF-MSC.pdf Graphic file (type pdf)

<use figures/cumulF-MSC.pdf> [69] [70 <./figures/cumulF-MSC.pdf>]
<figures/thresholdforC95.pdf, id=1282, 511.9125pt x 341.275pt>
File: figures/thresholdforC95.pdf Graphic file (type pdf)

<use figures/thresholdforC95.pdf> [71] [72 <./figures/thresholdforC95.pdf>]
<figures/detectMSC.pdf, id=1300, 398.48875pt x 341.275pt>
File: figures/detectMSC.pdf Graphic file (type pdf)

<use figures/detectMSC.pdf>) [73 <./figures/detectMSC.pdf>]
Chapter 8.
(./textes/LOC.tex

LaTeX Warning: Citation `mack_flinn:1971' on page 74 undefined on input line 29
.


LaTeX Warning: Citation `nouvellet:2012' on page 74 undefined on input line 29.


[74

]

LaTeX Font Warning: Command \footnotesize invalid in math mode on input line 37
.


Overfull \hbox (16.8035pt too wide) in alignment at lines 64--84
 [][][] []
 []

[75]) [76]
Chapter 9.
(./textes/deterministic.tex [77

]) [78] [79

]
Chapter 10.
No file ../../allprogs//2progsCIandOthers/estimHanalysis.m.
[80

]
No file ../../allprogs//2progsCIandOthers/SigniLevelTestCoherence.m.
[81]
No file ../../allprogs//2progsCIandOthers/CIHestimate.m.
[82]
File: fullprocess/RUNextractfromDB.m  (verbatim)


Package hyperref Warning: Token not allowed in a PDFDocEncoded string,
(hyperref)                removing `\<def>-command' on input line 255.


Package hyperref Warning: Token not allowed in a PDFDocEncoded string,
(hyperref)                removing `\f@encoding' on input line 255.


Package hyperref Warning: Token not allowed in a PDFDocEncoded string,
(hyperref)                removing `\<let>-command' on input line 255.


Package hyperref Warning: Token not allowed in a PDFDocEncoded string,
(hyperref)                removing `\<def>-command' on input line 255.


Package hyperref Warning: Token not allowed in a PDFDocEncoded string,
(hyperref)                removing `\f@family' on input line 255.


Package hyperref Warning: Token not allowed in a PDFDocEncoded string,
(hyperref)                removing `\<def>-command' on input line 255.


Package hyperref Warning: Token not allowed in a PDFDocEncoded string,
(hyperref)                removing `\f@series' on input line 255.


Package hyperref Warning: Token not allowed in a PDFDocEncoded string,
(hyperref)                removing `\<def>-command' on input line 255.


Package hyperref Warning: Token not allowed in a PDFDocEncoded string,
(hyperref)                removing `\f@shape' on input line 255.


Package hyperref Warning: Token not allowed in a PDFDocEncoded string,
(hyperref)                removing `\afterassignment' on input line 255.


Package hyperref Warning: Token not allowed in a PDFDocEncoded string,
(hyperref)                removing `\<def>-command' on input line 255.


Package hyperref Warning: Token not allowed in a PDFDocEncoded string,
(hyperref)                removing `\f@size' on input line 255.


Package hyperref Warning: Token not allowed in a PDFDocEncoded string,
(hyperref)                removing `\afterassignment' on input line 255.


Package hyperref Warning: Token not allowed in a PDFDocEncoded string,
(hyperref)                removing `\<def>-command' on input line 255.


Package hyperref Warning: Token not allowed in a PDFDocEncoded string,
(hyperref)                removing `\f@baselineskip' on input line 255.


Package hyperref Warning: Token not allowed in a PDFDocEncoded string,
(hyperref)                removing `\<def>-command' on input line 255.


Package hyperref Warning: Token not allowed in a PDFDocEncoded string,
(hyperref)                removing `\f@linespread' on input line 255.


Package hyperref Warning: Token not allowed in a PDFDocEncoded string,
(hyperref)                removing `\<let>-command' on input line 255.


Package hyperref Warning: Token not allowed in a PDFDocEncoded string,
(hyperref)                removing `\baselinestretch' on input line 255.


Package hyperref Warning: Token not allowed in a PDFDocEncoded string,
(hyperref)                removing `\<def>-command' on input line 255.


Package hyperref Warning: Token not allowed in a PDFDocEncoded string,
(hyperref)                removing `\<def>-command' on input line 255.


Package hyperref Warning: Token not allowed in a PDFDocEncoded string,
(hyperref)                removing `\font@name' on input line 255.


Package hyperref Warning: Token not allowed in a PDFDocEncoded string,
(hyperref)                removing `\OT1/cmtt/m/n/14.4' on input line 255.


Package hyperref Warning: Token not allowed in a PDFDocEncoded string,
(hyperref)                removing `\ignorespaces' on input line 255.

No file fullprocess/ZZtoolbox/00Pierrick/convertCSStomatlab.m.
No file fullprocess/ZZtoolbox/00Pierrick/extractfromDB.m.
[83]
No file fullprocess//filtercharacteristics.m.
File: fullprocess/estimationwithFB.m  (verbatim)
[84] [85]
No file fullprocess/extractSensorRatio.m.
File: fullprocess/displaySensorRatio.m  (verbatim)
[86] [87]
File: fullprocess/displaySUTresponse.m  (verbatim)
 [88] [89] [90]
Chapter 11.

Package hyperref Warning: Token not allowed in a PDFDocEncoded string,
(hyperref)                removing `\<def>-command' on input line 292.


Package hyperref Warning: Token not allowed in a PDFDocEncoded string,
(hyperref)                removing `\f@encoding' on input line 292.


Package hyperref Warning: Token not allowed in a PDFDocEncoded string,
(hyperref)                removing `\<let>-command' on input line 292.


Package hyperref Warning: Token not allowed in a PDFDocEncoded string,
(hyperref)                removing `\<def>-command' on input line 292.


Package hyperref Warning: Token not allowed in a PDFDocEncoded string,
(hyperref)                removing `\f@family' on input line 292.


Package hyperref Warning: Token not allowed in a PDFDocEncoded string,
(hyperref)                removing `\<def>-command' on input line 292.


Package hyperref Warning: Token not allowed in a PDFDocEncoded string,
(hyperref)                removing `\f@series' on input line 292.


Package hyperref Warning: Token not allowed in a PDFDocEncoded string,
(hyperref)                removing `\<def>-command' on input line 292.


Package hyperref Warning: Token not allowed in a PDFDocEncoded string,
(hyperref)                removing `\f@shape' on input line 292.


Package hyperref Warning: Token not allowed in a PDFDocEncoded string,
(hyperref)                removing `\afterassignment' on input line 292.


Package hyperref Warning: Token not allowed in a PDFDocEncoded string,
(hyperref)                removing `\<def>-command' on input line 292.


Package hyperref Warning: Token not allowed in a PDFDocEncoded string,
(hyperref)                removing `\f@size' on input line 292.


Package hyperref Warning: Token not allowed in a PDFDocEncoded string,
(hyperref)                removing `\afterassignment' on input line 292.


Package hyperref Warning: Token not allowed in a PDFDocEncoded string,
(hyperref)                removing `\<def>-command' on input line 292.


Package hyperref Warning: Token not allowed in a PDFDocEncoded string,
(hyperref)                removing `\f@baselineskip' on input line 292.


Package hyperref Warning: Token not allowed in a PDFDocEncoded string,
(hyperref)                removing `\<def>-command' on input line 292.


Package hyperref Warning: Token not allowed in a PDFDocEncoded string,
(hyperref)                removing `\f@linespread' on input line 292.


Package hyperref Warning: Token not allowed in a PDFDocEncoded string,
(hyperref)                removing `\<let>-command' on input line 292.


Package hyperref Warning: Token not allowed in a PDFDocEncoded string,
(hyperref)                removing `\baselinestretch' on input line 292.


Package hyperref Warning: Token not allowed in a PDFDocEncoded string,
(hyperref)                removing `\<def>-command' on input line 292.


Package hyperref Warning: Token not allowed in a PDFDocEncoded string,
(hyperref)                removing `\<def>-command' on input line 292.


Package hyperref Warning: Token not allowed in a PDFDocEncoded string,
(hyperref)                removing `\font@name' on input line 292.


Package hyperref Warning: Token not allowed in a PDFDocEncoded string,
(hyperref)                removing `\OT1/cmtt/m/n/17.28' on input line 292.


Package hyperref Warning: Token not allowed in a PDFDocEncoded string,
(hyperref)                removing `\ignorespaces' on input line 292.

File: fullprocess/ZZtoolbox/fbankanalysis.m  (verbatim)
[91

] [92] [93] [94] [95] [96]

Package hyperref Warning: Token not allowed in a PDFDocEncoded string,
(hyperref)                removing `math shift' on input line 295.


Package hyperref Warning: Token not allowed in a PDFDocEncoded string,
(hyperref)                removing `\setbox' on input line 295.


Package hyperref Warning: Token not allowed in a PDFDocEncoded string,
(hyperref)                removing `\z@' on input line 295.


Package hyperref Warning: Token not allowed in a PDFDocEncoded string,
(hyperref)                removing `\hbox' on input line 295.


Package hyperref Warning: Token not allowed in a PDFDocEncoded string,
(hyperref)                removing `\frozen@everymath' on input line 295.


Package hyperref Warning: Token not allowed in a PDFDocEncoded string,
(hyperref)                removing `\@emptytoks' on input line 295.


Package hyperref Warning: Token not allowed in a PDFDocEncoded string,
(hyperref)                removing `\mathsurround' on input line 295.


Package hyperref Warning: Token not allowed in a PDFDocEncoded string,
(hyperref)                removing `\z@' on input line 295.


Package hyperref Warning: Token not allowed in a PDFDocEncoded string,
(hyperref)                removing `math shift' on input line 295.


Package hyperref Warning: Token not allowed in a PDFDocEncoded string,
(hyperref)                removing `\textstyle' on input line 295.


Package hyperref Warning: Token not allowed in a PDFDocEncoded string,
(hyperref)                removing `math shift' on input line 295.


Package hyperref Warning: Token not allowed in a PDFDocEncoded string,
(hyperref)                removing `\mathaccent' on input line 295.


Package hyperref Warning: Token not allowed in a PDFDocEncoded string,
(hyperref)                removing `math shift' on input line 295.

File: fullprocess/ZZtoolbox/cumulFunctionMSC.m  (verbatim)

Package hyperref Warning: Token not allowed in a PDFDocEncoded string,
(hyperref)                removing `math shift' on input line 298.


Package hyperref Warning: Token not allowed in a PDFDocEncoded string,
(hyperref)                removing `\setbox' on input line 298.


Package hyperref Warning: Token not allowed in a PDFDocEncoded string,
(hyperref)                removing `\z@' on input line 298.


Package hyperref Warning: Token not allowed in a PDFDocEncoded string,
(hyperref)                removing `\hbox' on input line 298.


Package hyperref Warning: Token not allowed in a PDFDocEncoded string,
(hyperref)                removing `\frozen@everymath' on input line 298.


Package hyperref Warning: Token not allowed in a PDFDocEncoded string,
(hyperref)                removing `\@emptytoks' on input line 298.


Package hyperref Warning: Token not allowed in a PDFDocEncoded string,
(hyperref)                removing `\mathsurround' on input line 298.


Package hyperref Warning: Token not allowed in a PDFDocEncoded string,
(hyperref)                removing `\z@' on input line 298.


Package hyperref Warning: Token not allowed in a PDFDocEncoded string,
(hyperref)                removing `math shift' on input line 298.


Package hyperref Warning: Token not allowed in a PDFDocEncoded string,
(hyperref)                removing `\textstyle' on input line 298.


Package hyperref Warning: Token not allowed in a PDFDocEncoded string,
(hyperref)                removing `math shift' on input line 298.


Package hyperref Warning: Token not allowed in a PDFDocEncoded string,
(hyperref)                removing `\mathaccent' on input line 298.


Package hyperref Warning: Token not allowed in a PDFDocEncoded string,
(hyperref)                removing `math shift' on input line 298.

File: fullprocess/ZZtoolbox/invcumulFunctionMSC.m  (verbatim)
[97]

Package hyperref Warning: Token not allowed in a PDFDocEncoded string,
(hyperref)                removing `math shift' on input line 301.


Package hyperref Warning: Token not allowed in a PDFDocEncoded string,
(hyperref)                removing `\setbox' on input line 301.


Package hyperref Warning: Token not allowed in a PDFDocEncoded string,
(hyperref)                removing `\z@' on input line 301.


Package hyperref Warning: Token not allowed in a PDFDocEncoded string,
(hyperref)                removing `\hbox' on input line 301.


Package hyperref Warning: Token not allowed in a PDFDocEncoded string,
(hyperref)                removing `\frozen@everymath' on input line 301.


Package hyperref Warning: Token not allowed in a PDFDocEncoded string,
(hyperref)                removing `\@emptytoks' on input line 301.


Package hyperref Warning: Token not allowed in a PDFDocEncoded string,
(hyperref)                removing `\mathsurround' on input line 301.


Package hyperref Warning: Token not allowed in a PDFDocEncoded string,
(hyperref)                removing `\z@' on input line 301.


Package hyperref Warning: Token not allowed in a PDFDocEncoded string,
(hyperref)                removing `math shift' on input line 301.


Package hyperref Warning: Token not allowed in a PDFDocEncoded string,
(hyperref)                removing `\textstyle' on input line 301.


Package hyperref Warning: Token not allowed in a PDFDocEncoded string,
(hyperref)                removing `math shift' on input line 301.


Package hyperref Warning: Token not allowed in a PDFDocEncoded string,
(hyperref)                removing `\mathaccent' on input line 301.


Package hyperref Warning: Token not allowed in a PDFDocEncoded string,
(hyperref)                removing `math shift' on input line 301.

File: fullprocess/ZZtoolbox/pdfMSC.m  (verbatim)
File: fullprocess/ZZtoolbox/statsRatiosHbis.m  (verbatim)
[98] [99]
File: fullprocess/ZZtoolbox/smoothpolyLL.m  (verbatim)
 [100] [101]
Chapter 12.
File: fullprocess/ZZtoolbox/geneFB.m  (verbatim)
[102

] [103]
No file ../../../0progsextract/execGPARSE.m.
No file ../../../0progsextract/convertCSS2matlab.m.
No file calibreport.bbl.
[104] (./calibreport.aux)

LaTeX Warning: There were undefined references.


LaTeX Warning: There were multiply-defined labels.

 )
(\end occurred inside a group at level 5)

### simple group (level 5) entered at line 308 ({)
### simple group (level 4) entered at line 305 ({)
### simple group (level 3) entered at line 302 ({)
### simple group (level 2) entered at line 299 ({)
### simple group (level 1) entered at line 296 ({)
### bottom level 
Here is how much of TeX's memory you used:
 4929 strings out of 256216
 66484 string characters out of 1917071
 137012 words of memory out of 1500000
 7742 multiletter control sequences out of 10000+200000
 19873 words of font info for 83 fonts, out of 1200000 for 2000
 645 hyphenation exceptions out of 8191
 32i,18n,43p,961b,782s stack positions out of 5000i,500n,6000p,200000b,15000s
pdfTeX warning (dest): name{Hfootnote.3} has been referenced bu
t does not exist, replaced by a fixed one

pdfTeX warning (dest): name{Hfootnote.2} has been referenced but does not exist
, replaced by a fixed one

pdfTeX warning (dest): name{Hfootnote.1} has been referenced but does not exist
, replaced by a fixed one

</usr/share/texmf/fonts/type1/bluesky/cm/cmbx10.pfb></usr/share/texmf/fonts/typ
e1/bluesky/cm/cmbx12.pfb></usr/share/texmf/fonts/type1/bluesky/cm/cmex10.pfb></
usr/share/texmf/fonts/type1/bluesky/cm/cmmi10.pfb></usr/share/texmf/fonts/type1
/bluesky/cm/cmmi12.pfb></usr/share/texmf/fonts/type1/bluesky/cm/cmmi6.pfb></usr
/share/texmf/fonts/type1/bluesky/cm/cmmi7.pfb></usr/share/texmf/fonts/type1/blu
esky/cm/cmmi8.pfb></usr/share/texmf/fonts/type1/bluesky/cm/cmr10.pfb></usr/shar
e/texmf/fonts/type1/bluesky/cm/cmr12.pfb></usr/share/texmf/fonts/type1/bluesky/
cm/cmr17.pfb></usr/share/texmf/fonts/type1/bluesky/cm/cmr6.pfb></usr/share/texm
f/fonts/type1/bluesky/cm/cmr7.pfb></usr/share/texmf/fonts/type1/bluesky/cm/cmr8
.pfb></usr/share/texmf/fonts/type1/bluesky/cm/cmsy10.pfb></usr/share/texmf/font
s/type1/bluesky/cm/cmsy6.pfb></usr/share/texmf/fonts/type1/bluesky/cm/cmsy7.pfb
></usr/share/texmf/fonts/type1/bluesky/cm/cmsy8.pfb></usr/share/texmf/fonts/typ
e1/bluesky/cm/cmti10.pfb></usr/share/texmf/fonts/type1/bluesky/cm/cmti12.pfb></
usr/share/texmf/fonts/type1/bluesky/cm/cmtt10.pfb></usr/share/texmf/fonts/type1
/bluesky/cm/cmtt12.pfb></usr/share/texmf/fonts/type1/bluesky/cm/cmtt8.pfb></usr
/share/texmf/fonts/type1/public/doublestroke/dsrom10.pfb></usr/share/texmf/font
s/type1/public/doublestroke/dsrom12.pfb></usr/share/texmf/fonts/type1/public/do
ublestroke/dsrom8.pfb></usr/share/texmf/fonts/type1/bluesky/ams/msam10.pfb></us
r/share/texmf/fonts/type1/bluesky/ams/msbm10.pfb>
Output written on calibreport.pdf (104 pages, 1680670 bytes).
PDF statistics:
 1602 PDF objects out of 1728 (max. 8388607)
 306 named destinations out of 1000 (max. 131072)
 697 words of extra memory for PDF output out of 10000 (max. 10000000)

