\BOOKMARK [-1][-]{part.1}{I Theoretical aspects}{}% 1
\BOOKMARK [0][-]{chapter.1}{Problem position}{part.1}% 2
\BOOKMARK [1][-]{section.1.1}{Objective}{chapter.1}% 3
\BOOKMARK [1][-]{section.1.2}{Experimental testbed}{chapter.1}% 4
\BOOKMARK [1][-]{section.1.3}{Main issue}{chapter.1}% 5
\BOOKMARK [0][-]{chapter.2}{Spectral analysis for SUT estimation}{part.1}% 6
\BOOKMARK [1][-]{section.2.1}{Objective}{chapter.2}% 7
\BOOKMARK [1][-]{section.2.2}{Observation model}{chapter.2}% 8
\BOOKMARK [2][-]{subsection.2.2.1}{Continuous time model}{section.2.2}% 9
\BOOKMARK [2][-]{subsection.2.2.2}{Discrete time model}{section.2.2}% 10
\BOOKMARK [2][-]{subsection.2.2.3}{Resolution of \(2.4\) w.r.t. Gu,k}{section.2.2}% 11
\BOOKMARK [1][-]{section.2.3}{Spectral analysis}{chapter.2}% 12
\BOOKMARK [2][-]{subsection.2.3.1}{MSC test}{section.2.3}% 13
\BOOKMARK [2][-]{subsection.2.3.2}{SUT estimation}{section.2.3}% 14
\BOOKMARK [1][-]{section.2.4}{Using a filter bank}{chapter.2}% 15
\BOOKMARK [1][-]{section.2.5}{Summary for SUT estimation}{chapter.2}% 16
\BOOKMARK [0][-]{chapter.3}{Results on IS26 data}{part.1}% 17
\BOOKMARK [1][-]{section.3.1}{Results of IS26 - sensor \0431}{chapter.3}% 18
\BOOKMARK [2][-]{subsection.3.1.1}{SUT response by averaging on 124 days}{section.3.1}% 19
\BOOKMARK [2][-]{subsection.3.1.2}{Using different thresholds on a pair of days}{section.3.1}% 20
\BOOKMARK [2][-]{subsection.3.1.3}{More details on a pair of days}{section.3.1}% 21
\BOOKMARK [2][-]{subsection.3.1.4}{Problem with some records}{section.3.1}% 22
\BOOKMARK [2][-]{subsection.3.1.5}{Averaging on randomly selected pairs of days}{section.3.1}% 23
\BOOKMARK [2][-]{subsection.3.1.6}{Stability at different frequency values}{section.3.1}% 24
\BOOKMARK [1][-]{section.3.2}{Comments}{chapter.3}% 25
\BOOKMARK [2][-]{subsection.3.2.1}{About the selected MSC threshold}{section.3.2}% 26
\BOOKMARK [2][-]{subsection.3.2.2}{Dip on the curves}{section.3.2}% 27
\BOOKMARK [0][-]{chapter.4}{Wind effect on NRS}{part.1}% 28
\BOOKMARK [1][-]{section.4.1}{Introduction}{chapter.4}% 29
\BOOKMARK [1][-]{section.4.2}{Model for wind turbulences}{chapter.4}% 30
\BOOKMARK [2][-]{subsection.4.2.1}{Stationary M-ary process}{section.4.2}% 31
\BOOKMARK [2][-]{subsection.4.2.2}{Wind noise model}{section.4.2}% 32
\BOOKMARK [2][-]{subsection.4.2.3}{Coherence level as a function of v/d}{section.4.2}% 33
\BOOKMARK [1][-]{section.4.3}{Application to the in-situ calibration method}{chapter.4}% 34
\BOOKMARK [1][-]{section.4.4}{Results in I26}{chapter.4}% 35
\BOOKMARK [0][-]{chapter.5}{Full process}{part.1}% 36
\BOOKMARK [1][-]{section.5.1}{3 programs for test}{chapter.5}% 37
\BOOKMARK [1][-]{section.5.2}{Input of the function fbankanalysis.m}{chapter.5}% 38
\BOOKMARK [1][-]{section.5.3}{Output of the function fbankanalysis.m}{chapter.5}% 39
\BOOKMARK [-1][-]{part.2}{II Annexes}{}% 40
\BOOKMARK [0][-]{chapter.6}{Confidence interval on the mean}{part.2}% 41
\BOOKMARK [0][-]{chapter.7}{Wide sense stationary process}{part.2}% 42
\BOOKMARK [0][-]{chapter.8}{Theoretical results on spectral estimation}{part.2}% 43
\BOOKMARK [1][-]{section.8.1}{Non parametrical spectral estimation}{chapter.8}% 44
\BOOKMARK [1][-]{section.8.2}{More periodogram properties}{chapter.8}% 45
\BOOKMARK [1][-]{section.8.3}{Second order moments for the smoothed periodogram}{chapter.8}% 46
\BOOKMARK [1][-]{section.8.4}{Approximate variances}{chapter.8}% 47
\BOOKMARK [1][-]{section.8.5}{Some distributions related to the smoothed periodogram}{chapter.8}% 48
\BOOKMARK [1][-]{section.8.6}{MSC distribution}{chapter.8}% 49
\BOOKMARK [1][-]{section.8.7}{MSC detection}{chapter.8}% 50
\BOOKMARK [0][-]{chapter.9}{LOC}{part.2}% 51
\BOOKMARK [0][-]{chapter.10}{Remark on deterministic representation}{part.2}% 52
\BOOKMARK [-1][-]{part.3}{III Library}{}% 53
\BOOKMARK [0][-]{chapter.11}{Programs}{part.3}% 54
\BOOKMARK [1][-]{section.11.1}{RMSE as function of coherence}{chapter.11}% 55
\BOOKMARK [1][-]{section.11.2}{Test of coherence}{chapter.11}% 56
\BOOKMARK [1][-]{section.11.3}{Statistical distribution of the ratios}{chapter.11}% 57
\BOOKMARK [1][-]{section.11.4}{Extraction from DB}{chapter.11}% 58
\BOOKMARK [1][-]{section.11.5}{Full process}{chapter.11}% 59
\BOOKMARK [2][-]{subsection.11.5.1}{Example of filter bank description}{section.11.5}% 60
\BOOKMARK [2][-]{subsection.11.5.2}{Main program for estimation}{section.11.5}% 61
\BOOKMARK [1][-]{section.11.6}{Application program}{chapter.11}% 62
\BOOKMARK [2][-]{subsection.11.6.1}{temporalevolution.m}{section.11.6}% 63
\BOOKMARK [2][-]{subsection.11.6.2}{displaySensorResponse.m}{section.11.6}% 64
\BOOKMARK [0][-]{chapter.12}{Toolbox}{part.3}% 65
\BOOKMARK [1][-]{section.12.1}{Main analysis function: fbankanalysis.m}{chapter.12}% 66
\BOOKMARK [1][-]{section.12.2}{Cumulative function of MSC"0362MSC}{chapter.12}% 67
\BOOKMARK [1][-]{section.12.3}{Inverse cumulative function of MSC"0362MSC}{chapter.12}% 68
\BOOKMARK [1][-]{section.12.4}{Probability density function of MSC"0362MSC}{chapter.12}% 69
\BOOKMARK [1][-]{section.12.5}{Statistics of the spectral ratios}{chapter.12}% 70
\BOOKMARK [1][-]{section.12.6}{Polynomial fitter}{chapter.12}% 71
\BOOKMARK [0][-]{chapter.13}{Miscellaneous utilitaries}{part.3}% 72
\BOOKMARK [1][-]{section.13.1}{GeneFB}{chapter.13}% 73
\BOOKMARK [1][-]{section.13.2}{execGPARSE}{chapter.13}% 74
\BOOKMARK [1][-]{section.13.3}{convertCSS2matlab}{chapter.13}% 75
