\BOOKMARK [-1][-]{part.1}{I Theoretical aspects}{}
\BOOKMARK [0][-]{chapter.1}{Problem position}{part.1}
\BOOKMARK [1][-]{section.1.1}{Objective}{chapter.1}
\BOOKMARK [1][-]{section.1.2}{Experimental testbed}{chapter.1}
\BOOKMARK [1][-]{section.1.3}{Main issue}{chapter.1}
\BOOKMARK [0][-]{chapter.2}{Spectral analysis}{part.1}
\BOOKMARK [1][-]{section.2.1}{Observation model}{chapter.2}
\BOOKMARK [1][-]{section.2.2}{SUT estimation}{chapter.2}
\BOOKMARK [1][-]{section.2.3}{Spectral analysis}{chapter.2}
\BOOKMARK [0][-]{chapter.3}{Simulation}{part.1}
\BOOKMARK [1][-]{section.3.1}{Zero-noise on the SUT}{chapter.3}
\BOOKMARK [1][-]{section.3.2}{Zero-noise on both SUT and SREF}{chapter.3}
\BOOKMARK [1][-]{section.3.3}{Comparison without/with filter bank}{chapter.3}
\BOOKMARK [0][-]{chapter.4}{Results on IS26 data \(incomplete\)}{part.1}
\BOOKMARK [1][-]{section.4.1}{General pipeline for the estimation process}{chapter.4}
\BOOKMARK [1][-]{section.4.2}{Numerical results}{chapter.4}
\BOOKMARK [1][-]{section.4.3}{Comments and conclusion}{chapter.4}
\BOOKMARK [0][-]{chapter.5}{Wind effect on NRS}{part.1}
\BOOKMARK [1][-]{section.5.1}{Introduction}{chapter.5}
\BOOKMARK [1][-]{section.5.2}{Model for wind turbulences}{chapter.5}
\BOOKMARK [2][-]{subsection.5.2.1}{Stationary M-ary process}{section.5.2}
\BOOKMARK [2][-]{subsection.5.2.2}{Wind noise model}{section.5.2}
\BOOKMARK [2][-]{subsection.5.2.3}{Coherence level as a function of v/d}{section.5.2}
\BOOKMARK [1][-]{section.5.3}{Application to the in-situ calibration method}{chapter.5}
\BOOKMARK [1][-]{section.5.4}{Results in I26}{chapter.5}
\BOOKMARK [0][-]{chapter.6}{Full process}{part.1}
\BOOKMARK [-1][-]{part.2}{II Annexes}{}
\BOOKMARK [0][-]{chapter.7}{Wide sense stationary process}{part.2}
\BOOKMARK [0][-]{chapter.8}{Theoretical results on spectral estimation}{part.2}
\BOOKMARK [1][-]{section.8.1}{Non parametrical spectral estimation}{chapter.8}
\BOOKMARK [1][-]{section.8.2}{More periodogram properties}{chapter.8}
\BOOKMARK [1][-]{section.8.3}{Second order moments for the smoothed periodogram}{chapter.8}
\BOOKMARK [1][-]{section.8.4}{Approximate variances}{chapter.8}
\BOOKMARK [1][-]{section.8.5}{Some distributions related to the smoothed periodogram}{chapter.8}
\BOOKMARK [1][-]{section.8.6}{MSC distribution}{chapter.8}
\BOOKMARK [1][-]{section.8.7}{MSC detection}{chapter.8}
\BOOKMARK [0][-]{chapter.9}{LOC}{part.2}
\BOOKMARK [0][-]{chapter.10}{Remark on deterministic representation}{part.2}
\BOOKMARK [-1][-]{part.3}{III Library}{}
\BOOKMARK [0][-]{chapter.11}{Programs}{part.3}
\BOOKMARK [1][-]{section.11.1}{RMSE as function of coherence}{chapter.11}
\BOOKMARK [1][-]{section.11.2}{Test of coherence}{chapter.11}
\BOOKMARK [1][-]{section.11.3}{Statistical distribution of the ratios}{chapter.11}
\BOOKMARK [1][-]{section.11.4}{Example of filter bank description}{chapter.11}
\BOOKMARK [1][-]{section.11.5}{Full process}{chapter.11}
\BOOKMARK [0][-]{chapter.12}{Toolbox}{part.3}
\BOOKMARK [0][-]{chapter.13}{Utilitaries}{part.3}
